2026-01-21 22:38:53,146 - INFO - file_cache is only supported with oauth2client<4.0.0
2026-01-21 22:38:53,152 - INFO - Processing channel ID: UCX6OQ3DkcsbYNE6H8uQQuVA
2026-01-21 22:38:53,153 - INFO - Fetching channel statistics for UCX6OQ3DkcsbYNE6H8uQQuVA...
2026-01-21 22:38:53,505 - INFO - Channel: MrBeast
2026-01-21 22:38:53,505 - INFO - Subscribers: 462000000
2026-01-21 22:38:53,506 - INFO - Total Views: 108298678938
2026-01-21 22:38:53,506 - INFO - Video Count: 939

2026-01-21 22:38:53,506 - INFO - Fetching video IDs...
2026-01-21 22:38:54,055 - INFO - Found 50 videos

2026-01-21 22:38:54,056 - INFO - Fetching video details...
2026-01-21 22:38:54,263 - INFO - Retrieved details for 50 videos

2026-01-21 22:38:54,268 - INFO - Processing channel ID: UCq-Fj5jknLsUf-MWSy4_brA
2026-01-21 22:38:54,269 - INFO - Fetching channel statistics for UCq-Fj5jknLsUf-MWSy4_brA...
2026-01-21 22:38:54,343 - INFO - Channel: T-Series
2026-01-21 22:38:54,343 - INFO - Subscribers: 309000000
2026-01-21 22:38:54,343 - INFO - Total Views: 328017677637
2026-01-21 22:38:54,343 - INFO - Video Count: 25237

2026-01-21 22:38:54,343 - INFO - Fetching video IDs...
2026-01-21 22:38:54,702 - INFO - Found 50 videos

2026-01-21 22:38:54,703 - INFO - Fetching video details...
2026-01-21 22:38:54,959 - INFO - Retrieved details for 50 videos

2026-01-21 22:38:54,960 - INFO - Processing channel ID: UCbCmjCuTUZos6Inko4u57UQ
2026-01-21 22:38:54,960 - INFO - Fetching channel statistics for UCbCmjCuTUZos6Inko4u57UQ...
2026-01-21 22:38:55,036 - INFO - Channel: Cocomelon - Nursery Rhymes
2026-01-21 22:38:55,037 - INFO - Subscribers: 200000000
2026-01-21 22:38:55,037 - INFO - Total Views: 214618764678
2026-01-21 22:38:55,038 - INFO - Video Count: 1878

2026-01-21 22:38:55,038 - INFO - Fetching video IDs...
2026-01-21 22:38:55,184 - INFO - Found 10 videos

2026-01-21 22:38:55,185 - INFO - Fetching video details...
2026-01-21 22:38:55,292 - INFO - Retrieved details for 10 videos

2026-01-21 22:38:55,294 - INFO - Processing channel ID: UCpEhnqL0y41EpW2TvWAHD7Q
2026-01-21 22:38:55,294 - INFO - Fetching channel statistics for UCpEhnqL0y41EpW2TvWAHD7Q...
2026-01-21 22:38:55,365 - INFO - Channel: SET India
2026-01-21 22:38:55,365 - INFO - Subscribers: 188000000
2026-01-21 22:38:55,366 - INFO - Total Views: 185367092885
2026-01-21 22:38:55,366 - INFO - Video Count: 165233

2026-01-21 22:38:55,366 - INFO - Fetching video IDs...
2026-01-21 22:38:55,539 - INFO - Found 50 videos

2026-01-21 22:38:55,540 - INFO - Fetching video details...
2026-01-21 22:38:55,742 - INFO - Retrieved details for 50 videos

2026-01-21 22:38:55,742 - INFO - Processing channel ID: UCk8GzjMOrta8yxDcKfylJYw
2026-01-21 22:38:55,743 - INFO - Fetching channel statistics for UCk8GzjMOrta8yxDcKfylJYw...
2026-01-21 22:38:55,815 - INFO - Channel: ✿ Kids Diana Show
2026-01-21 22:38:55,816 - INFO - Subscribers: 138000000
2026-01-21 22:38:55,816 - INFO - Total Views: 122042896531
2026-01-21 22:38:55,816 - INFO - Video Count: 1530

2026-01-21 22:38:55,817 - INFO - Fetching video IDs...
2026-01-21 22:38:56,161 - INFO - Found 38 videos

2026-01-21 22:38:56,162 - INFO - Fetching video details...
2026-01-21 22:38:56,298 - INFO - Retrieved details for 38 videos

2026-01-21 22:38:56,299 - INFO - Processing channel ID: UC-lHJZR3Gqxm24_Vd_AJ5Yw
2026-01-21 22:38:56,299 - INFO - Fetching channel statistics for UC-lHJZR3Gqxm24_Vd_AJ5Yw...
2026-01-21 22:38:56,363 - INFO - Channel: PewDiePie
2026-01-21 22:38:56,364 - INFO - Subscribers: 110000000
2026-01-21 22:38:56,364 - INFO - Total Views: 29457667627
2026-01-21 22:38:56,364 - INFO - Video Count: 4656

2026-01-21 22:38:56,365 - INFO - Fetching video IDs...
2026-01-21 22:38:56,693 - INFO - Found 2 videos

2026-01-21 22:38:56,693 - INFO - Fetching video details...
2026-01-21 22:38:56,752 - INFO - Retrieved details for 2 videos

2026-01-21 22:38:56,754 - INFO - Processing channel ID: UCJplp5SjeGSdVdwsfb9Q7lQ
2026-01-21 22:38:56,755 - INFO - Fetching channel statistics for UCJplp5SjeGSdVdwsfb9Q7lQ...
2026-01-21 22:38:56,828 - INFO - Channel: Like Nastya
2026-01-21 22:38:56,828 - INFO - Subscribers: 131000000
2026-01-21 22:38:56,829 - INFO - Total Views: 118635080700
2026-01-21 22:38:56,829 - INFO - Video Count: 1034

2026-01-21 22:38:56,829 - INFO - Fetching video IDs...
2026-01-21 22:38:57,197 - INFO - Found 23 videos

2026-01-21 22:38:57,198 - INFO - Fetching video details...
2026-01-21 22:38:57,302 - INFO - Retrieved details for 23 videos

2026-01-21 22:38:57,303 - INFO - Processing channel ID: UCvlE5gTbOvjiolFlEm-c_Ow
2026-01-21 22:38:57,303 - INFO - Fetching channel statistics for UCvlE5gTbOvjiolFlEm-c_Ow...
2026-01-21 22:38:57,375 - INFO - Channel: Vlad and Niki
2026-01-21 22:38:57,375 - INFO - Subscribers: 149000000
2026-01-21 22:38:57,376 - INFO - Total Views: 117911098832
2026-01-21 22:38:57,376 - INFO - Video Count: 985

2026-01-21 22:38:57,377 - INFO - Fetching video IDs...
2026-01-21 22:38:57,713 - INFO - Found 2 videos

2026-01-21 22:38:57,714 - INFO - Fetching video details...
2026-01-21 22:38:57,790 - INFO - Retrieved details for 2 videos

2026-01-21 22:38:57,792 - INFO - Processing channel ID: UCFFbwnve3yF62-tVXkTyHqg
2026-01-21 22:38:57,793 - INFO - Fetching channel statistics for UCFFbwnve3yF62-tVXkTyHqg...
2026-01-21 22:38:57,865 - INFO - Channel: Zee Music Company
2026-01-21 22:38:57,865 - INFO - Subscribers: 122000000
2026-01-21 22:38:57,865 - INFO - Total Views: 85170564261
2026-01-21 22:38:57,865 - INFO - Video Count: 15551

2026-01-21 22:38:57,865 - INFO - Fetching video IDs...
2026-01-21 22:38:58,216 - INFO - Found 35 videos

2026-01-21 22:38:58,216 - INFO - Fetching video details...
2026-01-21 22:38:58,409 - INFO - Retrieved details for 35 videos

2026-01-21 22:38:58,409 - INFO - Processing channel ID: UCJ5v_MCY6GNUBTO8-D3XoAg
2026-01-21 22:38:58,410 - INFO - Fetching channel statistics for UCJ5v_MCY6GNUBTO8-D3XoAg...
2026-01-21 22:38:58,486 - INFO - Channel: WWE
2026-01-21 22:38:58,486 - INFO - Subscribers: 112000000
2026-01-21 22:38:58,486 - INFO - Total Views: 101369437737
2026-01-21 22:38:58,487 - INFO - Video Count: 90490

2026-01-21 22:38:58,487 - INFO - Fetching video IDs...
2026-01-21 22:38:58,698 - INFO - Found 50 videos

2026-01-21 22:38:58,699 - INFO - Fetching video details...
2026-01-21 22:38:58,884 - INFO - Retrieved details for 50 videos

2026-01-21 22:38:58,884 - INFO - Creating final CSV files...
2026-01-21 22:38:58,896 - INFO - All data saved to:
2026-01-21 22:38:58,896 - INFO -   - Output\channel_stats_20260121_223858.csv
2026-01-21 22:38:58,896 - INFO -   - Output\video_details_20260121_223858.csv
2026-01-21 22:38:58,897 - INFO - Starting S3 upload to bucket: youtube-analytics-skb
2026-01-21 22:38:58,965 - INFO - Found credentials in environment variables.
2026-01-21 22:38:59,957 - INFO - ✓ Uploaded: Output\channel_stats_20260121_223858.csv -> s3://youtube-analytics-skb/youtube-raw-data/2026/01/21/22/channel_stats_20260121_223858.csv
2026-01-21 22:39:00,710 - INFO - ✓ Uploaded: Output\video_details_20260121_223858.csv -> s3://youtube-analytics-skb/youtube-raw-data/2026/01/21/22/video_details_20260121_223858.csv
2026-01-21 22:39:00,716 - INFO - All files successfully uploaded to S3
